#
# There is insufficient memory for the Java Runtime Environment to continue.
# Native memory allocation (mmap) failed to map 28311552 bytes. Error detail: G1 virtual space
# Possible reasons:
#   The system is out of physical RAM or swap space
#   This process is running with CompressedOops enabled, and the Java Heap may be blocking the growth of the native heap
# Possible solutions:
#   Reduce memory load on the system
#   Increase physical memory or swap space
#   Check if swap backing store is full
#   Decrease Java heap size (-Xmx/-Xms)
#   Decrease number of Java threads
#   Decrease Java thread stack sizes (-Xss)
#   Set larger code cache with -XX:ReservedCodeCacheSize=
#   JVM is running with Unscaled Compressed Oops mode in which the Java heap is
#     placed in the first 4GB address space. The Java Heap base address is the
#     maximum limit for the native heap growth. Please use -XX:HeapBaseMinAddress
#     to set the Java Heap base and to place the Java Heap above 4GB virtual address.
# This output file may be truncated or incomplete.
#
#  Out of Memory Error (os_windows.cpp:3603), pid=18016, tid=25932
#
# JRE version: OpenJDK Runtime Environment Temurin-21.0.3+9 (21.0.3+9) (build 21.0.3+9-LTS)
# Java VM: OpenJDK 64-Bit Server VM Temurin-21.0.3+9 (21.0.3+9-LTS, mixed mode, tiered, compressed oops, compressed class ptrs, g1 gc, windows-amd64)
# No core dump will be written. Minidumps are not enabled by default on client versions of Windows
#

---------------  S U M M A R Y ------------

Command Line: -Dmaven.home=EMBEDDED -Dclassworlds.conf=C:\Users\bianc\Documents\workspace-spring-tool-suite-4-4.24.0.RELEASE\.metadata\.plugins\org.eclipse.m2e.launching\launches\m2conf16581382175018276879.tmp -Dmaven.multiModuleProjectDirectory=C:\Users\bianc\OneDrive\Documentos\calculos-prof\calculos_testes\demo -Dm2e.build.project.data.socket.port=53967 -Dfile.encoding=UTF-8 -Dstdout.encoding=UTF-8 -Dstderr.encoding=UTF-8 -XX:+ShowCodeDetailsInExceptionMessages org.codehaus.plexus.classworlds.launcher.Launcher -B -Dstyle.color=always clean package

Host: 11th Gen Intel(R) Core(TM) i3-1115G4 @ 3.00GHz, 4 cores, 7G,  Windows 11 , 64 bit Build 22621 (10.0.22621.4974)
Time: Mon May  5 20:17:49 2025 Hora oficial do Brasil elapsed time: 9.294161 seconds (0d 0h 0m 9s)

---------------  T H R E A D  ---------------

Current thread (0x0000029961bd6230):  VMThread "VM Thread"          [id=25932, stack(0x000000f92ee00000,0x000000f92ef00000) (1024K)]

Stack: [0x000000f92ee00000,0x000000f92ef00000]
Native frames: (J=compiled Java code, j=interpreted, Vv=VM code, C=native code)
V  [jvm.dll+0x6c8699]
V  [jvm.dll+0x8a2061]
V  [jvm.dll+0x8a458e]
V  [jvm.dll+0x8a4c63]
V  [jvm.dll+0x27e476]
V  [jvm.dll+0x6c4e15]
V  [jvm.dll+0x6b9b0a]
V  [jvm.dll+0x3523ba]
V  [jvm.dll+0x359f66]
V  [jvm.dll+0x3ab1be]
V  [jvm.dll+0x3ab468]
V  [jvm.dll+0x3265fc]
V  [jvm.dll+0x326687]
V  [jvm.dll+0x36a3cc]
V  [jvm.dll+0x368c08]
V  [jvm.dll+0x325d71]
V  [jvm.dll+0x36827a]
V  [jvm.dll+0x8aa56f]
V  [jvm.dll+0x8ab674]
V  [jvm.dll+0x8abbb0]
V  [jvm.dll+0x8abe53]
V  [jvm.dll+0x84bf8b]
V  [jvm.dll+0x6c6dcd]
C  [ucrtbase.dll+0x29333]
C  [KERNEL32.DLL+0x1259d]
C  [ntdll.dll+0x5af38]

VM_Operation (0x000000f92e7fcf40): G1CollectForAllocation, mode: safepoint, requested by thread 0x00000299482ace20


---------------  P R O C E S S  ---------------

Threads class SMR info:
_java_thread_list=0x000002996b2c1ec0, length=12, elements={
0x00000299482ace20, 0x0000029961c6b0a0, 0x0000029961bfe540, 0x0000029961c4a720,
0x0000029961c4b180, 0x0000029961c4c380, 0x0000029961c4cde0, 0x0000029961c6c730,
0x0000029961c70f50, 0x0000029961e0f570, 0x0000029961e17dc0, 0x000002996ba82030
}

Java Threads: ( => current thread )
  0x00000299482ace20 JavaThread "main"                              [_thread_blocked, id=34936, stack(0x000000f92e700000,0x000000f92e800000) (1024K)]
  0x0000029961c6b0a0 JavaThread "Reference Handler"          daemon [_thread_blocked, id=5552, stack(0x000000f92ef00000,0x000000f92f000000) (1024K)]
  0x0000029961bfe540 JavaThread "Finalizer"                  daemon [_thread_blocked, id=6860, stack(0x000000f92f000000,0x000000f92f100000) (1024K)]
  0x0000029961c4a720 JavaThread "Signal Dispatcher"          daemon [_thread_blocked, id=33804, stack(0x000000f92f100000,0x000000f92f200000) (1024K)]
  0x0000029961c4b180 JavaThread "Attach Listener"            daemon [_thread_blocked, id=24184, stack(0x000000f92f200000,0x000000f92f300000) (1024K)]
  0x0000029961c4c380 JavaThread "Service Thread"             daemon [_thread_blocked, id=14892, stack(0x000000f92f300000,0x000000f92f400000) (1024K)]
  0x0000029961c4cde0 JavaThread "Monitor Deflation Thread"   daemon [_thread_blocked, id=9240, stack(0x000000f92f400000,0x000000f92f500000) (1024K)]
  0x0000029961c6c730 JavaThread "C2 CompilerThread0"         daemon [_thread_blocked, id=27236, stack(0x000000f92f500000,0x000000f92f600000) (1024K)]
  0x0000029961c70f50 JavaThread "C1 CompilerThread0"         daemon [_thread_blocked, id=16000, stack(0x000000f92f600000,0x000000f92f700000) (1024K)]
  0x0000029961e0f570 JavaThread "Notification Thread"        daemon [_thread_blocked, id=41788, stack(0x000000f92f700000,0x000000f92f800000) (1024K)]
  0x0000029961e17dc0 JavaThread "Common-Cleaner"             daemon [_thread_blocked, id=22160, stack(0x000000f92f800000,0x000000f92f900000) (1024K)]
  0x000002996ba82030 JavaThread "C2 CompilerThread1"         daemon [_thread_blocked, id=13224, stack(0x000000f92fd00000,0x000000f92fe00000) (1024K)]
Total: 12

Other Threads:
=>0x0000029961bd6230 VMThread "VM Thread"                           [id=25932, stack(0x000000f92ee00000,0x000000f92ef00000) (1024K)]
  0x0000029961b4d2f0 WatcherThread "VM Periodic Task Thread"        [id=12756, stack(0x000000f92ed00000,0x000000f92ee00000) (1024K)]
  0x000002994a58ed50 WorkerThread "GC Thread#0"                     [id=9332, stack(0x000000f92e800000,0x000000f92e900000) (1024K)]
  0x000002996639a0c0 WorkerThread "GC Thread#1"                     [id=37816, stack(0x000000f92fa00000,0x000000f92fb00000) (1024K)]
  0x00000299667623e0 WorkerThread "GC Thread#2"                     [id=33092, stack(0x000000f92fb00000,0x000000f92fc00000) (1024K)]
  0x000002996657e2c0 WorkerThread "GC Thread#3"                     [id=24024, stack(0x000000f92fc00000,0x000000f92fd00000) (1024K)]
  0x000002994a59f160 ConcurrentGCThread "G1 Main Marker"            [id=29776, stack(0x000000f92e900000,0x000000f92ea00000) (1024K)]
  0x000002994a59fa10 WorkerThread "G1 Conc#0"                       [id=4248, stack(0x000000f92ea00000,0x000000f92eb00000) (1024K)]
  0x000002994a5feb10 ConcurrentGCThread "G1 Refine#0"               [id=25004, stack(0x000000f92eb00000,0x000000f92ec00000) (1024K)]
  0x0000029961a219a0 ConcurrentGCThread "G1 Service"                [id=7800, stack(0x000000f92ec00000,0x000000f92ed00000) (1024K)]
Total: 10

Threads with active compile tasks:
Total: 0

VM state: at safepoint (normal execution)

VM Mutex/Monitor currently owned by a thread:  ([mutex/lock_event])
[0x00007ff8942b2128] Threads_lock - owner thread: 0x0000029961bd6230
[0x00007ff8942b2228] Heap_lock - owner thread: 0x00000299482ace20

Heap address: 0x0000000084c00000, size: 1972 MB, Compressed Oops mode: 32-bit

CDS archive(s) not mapped
Compressed class space mapped at: 0x0000000100000000-0x0000000140000000, reserved size: 1073741824
Narrow klass base: 0x0000000000000000, Narrow klass shift: 3, Narrow klass range: 0x140000000

GC Precious Log:
 CardTable entry size: 512
 Card Set container configuration: InlinePtr #cards 5 size 8 Array Of Cards #cards 12 size 40 Howl #buckets 4 coarsen threshold 1843 Howl Bitmap #cards 512 size 80 coarsen threshold 460 Card regions per heap region 1 cards per card region 2048
 CPUs: 4 total, 4 available
 Memory: 7886M
 Large Page Support: Disabled
 NUMA Support: Disabled
 Compressed Oops: Enabled (32-bit)
 Heap Region Size: 1M
 Heap Min Capacity: 8M
 Heap Initial Capacity: 124M
 Heap Max Capacity: 1972M
 Pre-touch: Disabled
 Parallel Workers: 4
 Concurrent Workers: 1
 Concurrent Refinement Workers: 4
 Periodic GC: Disabled

Heap:
 garbage-first heap   total 101376K, used 56320K [0x0000000084c00000, 0x0000000100000000)
  region size 1024K, 3 young (3072K), 3 survivors (3072K)
 Metaspace       used 42782K, committed 43264K, reserved 1114112K
  class space    used 4530K, committed 4736K, reserved 1048576K

Heap Regions: E=young(eden), S=young(survivor), O=old, HS=humongous(starts), HC=humongous(continues), CS=collection set, F=free, TAMS=top-at-mark-start, PB=parsable bottom
|   0|0x0000000084c00000, 0x0000000084d00000, 0x0000000084d00000|100%| O|  |TAMS 0x0000000084c00000| PB 0x0000000084c00000| Untracked 
|   1|0x0000000084d00000, 0x0000000084e00000, 0x0000000084e00000|100%| O|  |TAMS 0x0000000084d00000| PB 0x0000000084d00000| Untracked 
|   2|0x0000000084e00000, 0x0000000084f00000, 0x0000000084f00000|100%| O|  |TAMS 0x0000000084e00000| PB 0x0000000084e00000| Untracked 
|   3|0x0000000084f00000, 0x0000000085000000, 0x0000000085000000|100%| O|  |TAMS 0x0000000084f00000| PB 0x0000000084f00000| Untracked 
|   4|0x0000000085000000, 0x0000000085100000, 0x0000000085100000|100%| O|  |TAMS 0x0000000085000000| PB 0x0000000085000000| Untracked 
|   5|0x0000000085100000, 0x0000000085200000, 0x0000000085200000|100%| O|  |TAMS 0x0000000085100000| PB 0x0000000085100000| Untracked 
|   6|0x0000000085200000, 0x0000000085300000, 0x0000000085300000|100%| O|  |TAMS 0x0000000085200000| PB 0x0000000085200000| Untracked 
|   7|0x0000000085300000, 0x0000000085400000, 0x0000000085400000|100%| O|  |TAMS 0x0000000085300000| PB 0x0000000085300000| Untracked 
|   8|0x0000000085400000, 0x0000000085500000, 0x0000000085500000|100%| O|  |TAMS 0x0000000085400000| PB 0x0000000085400000| Untracked 
|   9|0x0000000085500000, 0x0000000085600000, 0x0000000085600000|100%| O|  |TAMS 0x0000000085500000| PB 0x0000000085500000| Untracked 
|  10|0x0000000085600000, 0x0000000085700000, 0x0000000085700000|100%| O|  |TAMS 0x0000000085600000| PB 0x0000000085600000| Untracked 
|  11|0x0000000085700000, 0x0000000085800000, 0x0000000085800000|100%| O|  |TAMS 0x0000000085700000| PB 0x0000000085700000| Untracked 
|  12|0x0000000085800000, 0x0000000085900000, 0x0000000085900000|100%| O|  |TAMS 0x0000000085800000| PB 0x0000000085800000| Untracked 
|  13|0x0000000085900000, 0x0000000085a00000, 0x0000000085a00000|100%| O|  |TAMS 0x0000000085900000| PB 0x0000000085900000| Untracked 
|  14|0x0000000085a00000, 0x0000000085b00000, 0x0000000085b00000|100%| O|  |TAMS 0x0000000085a00000| PB 0x0000000085a00000| Untracked 
|  15|0x0000000085b00000, 0x0000000085c00000, 0x0000000085c00000|100%|HS|  |TAMS 0x0000000085b00000| PB 0x0000000085b00000| Complete 
|  16|0x0000000085c00000, 0x0000000085d00000, 0x0000000085d00000|100%|HS|  |TAMS 0x0000000085c00000| PB 0x0000000085c00000| Complete 
|  17|0x0000000085d00000, 0x0000000085e00000, 0x0000000085e00000|100%|HS|  |TAMS 0x0000000085d00000| PB 0x0000000085d00000| Complete 
|  18|0x0000000085e00000, 0x0000000085f00000, 0x0000000085f00000|100%|HC|  |TAMS 0x0000000085e00000| PB 0x0000000085e00000| Complete 
|  19|0x0000000085f00000, 0x0000000086000000, 0x0000000086000000|100%| O|  |TAMS 0x0000000085f00000| PB 0x0000000085f00000| Untracked 
|  20|0x0000000086000000, 0x0000000086100000, 0x0000000086100000|100%| O|  |TAMS 0x0000000086000000| PB 0x0000000086000000| Untracked 
|  21|0x0000000086100000, 0x0000000086100000, 0x0000000086200000|  0%| F|  |TAMS 0x0000000086100000| PB 0x0000000086100000| Untracked 
|  22|0x0000000086200000, 0x0000000086200000, 0x0000000086300000|  0%| F|  |TAMS 0x0000000086200000| PB 0x0000000086200000| Untracked 
|  23|0x0000000086300000, 0x0000000086300000, 0x0000000086400000|  0%| F|  |TAMS 0x0000000086300000| PB 0x0000000086300000| Untracked 
|  24|0x0000000086400000, 0x0000000086500000, 0x0000000086500000|100%| O|  |TAMS 0x0000000086400000| PB 0x0000000086400000| Untracked 
|  25|0x0000000086500000, 0x0000000086600000, 0x0000000086600000|100%| O|  |TAMS 0x0000000086500000| PB 0x0000000086500000| Untracked 
|  26|0x0000000086600000, 0x0000000086600000, 0x0000000086700000|  0%| F|  |TAMS 0x0000000086600000| PB 0x0000000086600000| Untracked 
|  27|0x0000000086700000, 0x0000000086800000, 0x0000000086800000|100%| O|  |TAMS 0x0000000086700000| PB 0x0000000086700000| Untracked 
|  28|0x0000000086800000, 0x0000000086900000, 0x0000000086900000|100%| O|  |TAMS 0x0000000086800000| PB 0x0000000086800000| Untracked 
|  29|0x0000000086900000, 0x0000000086900000, 0x0000000086a00000|  0%| F|  |TAMS 0x0000000086900000| PB 0x0000000086900000| Untracked 
|  30|0x0000000086a00000, 0x0000000086a00000, 0x0000000086b00000|  0%| F|  |TAMS 0x0000000086a00000| PB 0x0000000086a00000| Untracked 
|  31|0x0000000086b00000, 0x0000000086c00000, 0x0000000086c00000|100%| O|  |TAMS 0x0000000086b00000| PB 0x0000000086b00000| Untracked 
|  32|0x0000000086c00000, 0x0000000086c00000, 0x0000000086d00000|  0%| F|  |TAMS 0x0000000086c00000| PB 0x0000000086c00000| Untracked 
|  33|0x0000000086d00000, 0x0000000086e00000, 0x0000000086e00000|100%|HS|  |TAMS 0x0000000086d00000| PB 0x0000000086d00000| Complete 
|  34|0x0000000086e00000, 0x0000000086f00000, 0x0000000086f00000|100%| O|  |TAMS 0x0000000086e00000| PB 0x0000000086e00000| Untracked 
|  35|0x0000000086f00000, 0x0000000087000000, 0x0000000087000000|100%| O|  |TAMS 0x0000000086f00000| PB 0x0000000086f00000| Untracked 
|  36|0x0000000087000000, 0x0000000087100000, 0x0000000087100000|100%|HS|  |TAMS 0x0000000087000000| PB 0x0000000087000000| Complete 
|  37|0x0000000087100000, 0x0000000087200000, 0x0000000087200000|100%|HC|  |TAMS 0x0000000087100000| PB 0x0000000087100000| Complete 
|  38|0x0000000087200000, 0x0000000087300000, 0x0000000087300000|100%| O|  |TAMS 0x0000000087200000| PB 0x0000000087200000| Untracked 
|  39|0x0000000087300000, 0x0000000087300000, 0x0000000087400000|  0%| F|  |TAMS 0x0000000087300000| PB 0x0000000087300000| Untracked 
|  40|0x0000000087400000, 0x0000000087400000, 0x0000000087500000|  0%| F|  |TAMS 0x0000000087400000| PB 0x0000000087400000| Untracked 
|  41|0x0000000087500000, 0x0000000087600000, 0x0000000087600000|100%| O|  |TAMS 0x0000000087500000| PB 0x0000000087500000| Untracked 
|  42|0x0000000087600000, 0x0000000087700000, 0x0000000087700000|100%| O|Cm|TAMS 0x0000000087600000| PB 0x0000000087600000| Complete 
|  43|0x0000000087700000, 0x0000000087800000, 0x0000000087800000|100%| O|  |TAMS 0x0000000087700000| PB 0x0000000087700000| Untracked 
|  44|0x0000000087800000, 0x0000000087900000, 0x0000000087900000|100%|HS|  |TAMS 0x0000000087800000| PB 0x0000000087800000| Complete 
|  45|0x0000000087900000, 0x0000000087a00000, 0x0000000087a00000|100%| O|  |TAMS 0x0000000087900000| PB 0x0000000087900000| Untracked 
|  46|0x0000000087a00000, 0x0000000087b00000, 0x0000000087b00000|100%| O|  |TAMS 0x0000000087a00000| PB 0x0000000087a00000| Untracked 
|  47|0x0000000087b00000, 0x0000000087c00000, 0x0000000087c00000|100%| O|  |TAMS 0x0000000087b00000| PB 0x0000000087b00000| Untracked 
|  48|0x0000000087c00000, 0x0000000087d00000, 0x0000000087d00000|100%| O|  |TAMS 0x0000000087c00000| PB 0x0000000087c00000| Untracked 
|  49|0x0000000087d00000, 0x0000000087e00000, 0x0000000087e00000|100%| O|  |TAMS 0x0000000087d00000| PB 0x0000000087d00000| Untracked 
|  50|0x0000000087e00000, 0x0000000087f00000, 0x0000000087f00000|100%| O|  |TAMS 0x0000000087e00000| PB 0x0000000087e00000| Untracked 
|  51|0x0000000087f00000, 0x0000000088000000, 0x0000000088000000|100%| O|  |TAMS 0x0000000087f00000| PB 0x0000000087f00000| Untracked 
|  52|0x0000000088000000, 0x0000000088100000, 0x0000000088100000|100%| O|  |TAMS 0x0000000088000000| PB 0x0000000088000000| Untracked 
|  53|0x0000000088100000, 0x0000000088200000, 0x0000000088200000|100%| O|  |TAMS 0x0000000088100000| PB 0x0000000088100000| Untracked 
|  54|0x0000000088200000, 0x0000000088300000, 0x0000000088300000|100%| O|  |TAMS 0x0000000088200000| PB 0x0000000088200000| Untracked 
|  55|0x0000000088300000, 0x0000000088400000, 0x0000000088400000|100%| O|  |TAMS 0x0000000088300000| PB 0x0000000088300000| Untracked 
|  56|0x0000000088400000, 0x0000000088500000, 0x0000000088500000|100%| O|  |TAMS 0x0000000088400000| PB 0x0000000088400000| Untracked 
|  57|0x0000000088500000, 0x0000000088600000, 0x0000000088600000|100%| O|  |TAMS 0x0000000088500000| PB 0x0000000088500000| Untracked 
|  58|0x0000000088600000, 0x0000000088700000, 0x0000000088700000|100%| O|  |TAMS 0x0000000088600000| PB 0x0000000088600000| Untracked 
|  59|0x0000000088700000, 0x0000000088800000, 0x0000000088800000|100%| O|  |TAMS 0x0000000088700000| PB 0x0000000088700000| Untracked 
|  60|0x0000000088800000, 0x0000000088900000, 0x0000000088900000|100%| O|  |TAMS 0x0000000088800000| PB 0x0000000088800000| Untracked 
|  61|0x0000000088900000, 0x0000000088900000, 0x0000000088a00000|  0%| F|  |TAMS 0x0000000088900000| PB 0x0000000088900000| Untracked 
|  62|0x0000000088a00000, 0x0000000088a00000, 0x0000000088b00000|  0%| F|  |TAMS 0x0000000088a00000| PB 0x0000000088a00000| Untracked 
|  63|0x0000000088b00000, 0x0000000088b00000, 0x0000000088c00000|  0%| F|  |TAMS 0x0000000088b00000| PB 0x0000000088b00000| Untracked 
|  64|0x0000000088c00000, 0x0000000088c00000, 0x0000000088d00000|  0%| F|  |TAMS 0x0000000088c00000| PB 0x0000000088c00000| Untracked 
|  65|0x0000000088d00000, 0x0000000088d00000, 0x0000000088e00000|  0%| F|  |TAMS 0x0000000088d00000| PB 0x0000000088d00000| Untracked 
|  66|0x0000000088e00000, 0x0000000088e00000, 0x0000000088f00000|  0%| F|  |TAMS 0x0000000088e00000| PB 0x0000000088e00000| Untracked 
|  67|0x0000000088f00000, 0x0000000088f00000, 0x0000000089000000|  0%| F|  |TAMS 0x0000000088f00000| PB 0x0000000088f00000| Untracked 
|  68|0x0000000089000000, 0x0000000089000000, 0x0000000089100000|  0%| F|  |TAMS 0x0000000089000000| PB 0x0000000089000000| Untracked 
|  69|0x0000000089100000, 0x0000000089100000, 0x0000000089200000|  0%| F|  |TAMS 0x0000000089100000| PB 0x0000000089100000| Untracked 
|  70|0x0000000089200000, 0x0000000089200000, 0x0000000089300000|  0%| F|  |TAMS 0x0000000089200000| PB 0x0000000089200000| Untracked 
|  71|0x0000000089300000, 0x0000000089300000, 0x0000000089400000|  0%| F|  |TAMS 0x0000000089300000| PB 0x0000000089300000| Untracked 
|  72|0x0000000089400000, 0x0000000089400000, 0x0000000089500000|  0%| F|  |TAMS 0x0000000089400000| PB 0x0000000089400000| Untracked 
|  73|0x0000000089500000, 0x0000000089500000, 0x0000000089600000|  0%| F|  |TAMS 0x0000000089500000| PB 0x0000000089500000| Untracked 
|  74|0x0000000089600000, 0x0000000089700000, 0x0000000089700000|100%| S|CS|TAMS 0x0000000089600000| PB 0x0000000089600000| Complete 
|  75|0x0000000089700000, 0x0000000089800000, 0x0000000089800000|100%| S|CS|TAMS 0x0000000089700000| PB 0x0000000089700000| Complete 
|  76|0x0000000089800000, 0x0000000089900000, 0x0000000089900000|100%| S|CS|TAMS 0x0000000089800000| PB 0x0000000089800000| Complete 
|  77|0x0000000089900000, 0x0000000089900000, 0x0000000089a00000|  0%| F|  |TAMS 0x0000000089900000| PB 0x0000000089900000| Untracked 
|  78|0x0000000089a00000, 0x0000000089a00000, 0x0000000089b00000|  0%| F|  |TAMS 0x0000000089a00000| PB 0x0000000089a00000| Untracked 
|  79|0x0000000089b00000, 0x0000000089b00000, 0x0000000089c00000|  0%| F|  |TAMS 0x0000000089b00000| PB 0x0000000089b00000| Untracked 
|  80|0x0000000089c00000, 0x0000000089c00000, 0x0000000089d00000|  0%| F|  |TAMS 0x0000000089c00000| PB 0x0000000089c00000| Untracked 
|  81|0x0000000089d00000, 0x0000000089d00000, 0x0000000089e00000|  0%| F|  |TAMS 0x0000000089d00000| PB 0x0000000089d00000| Untracked 
|  82|0x0000000089e00000, 0x0000000089e00000, 0x0000000089f00000|  0%| F|  |TAMS 0x0000000089e00000| PB 0x0000000089e00000| Untracked 
|  83|0x0000000089f00000, 0x0000000089f00000, 0x000000008a000000|  0%| F|  |TAMS 0x0000000089f00000| PB 0x0000000089f00000| Untracked 
|  84|0x000000008a000000, 0x000000008a000000, 0x000000008a100000|  0%| F|  |TAMS 0x000000008a000000| PB 0x000000008a000000| Untracked 
|  85|0x000000008a100000, 0x000000008a100000, 0x000000008a200000|  0%| F|  |TAMS 0x000000008a100000| PB 0x000000008a100000| Untracked 
|  86|0x000000008a200000, 0x000000008a200000, 0x000000008a300000|  0%| F|  |TAMS 0x000000008a200000| PB 0x000000008a200000| Untracked 
|  87|0x000000008a300000, 0x000000008a300000, 0x000000008a400000|  0%| F|  |TAMS 0x000000008a300000| PB 0x000000008a300000| Untracked 
|  88|0x000000008a400000, 0x000000008a400000, 0x000000008a500000|  0%| F|  |TAMS 0x000000008a400000| PB 0x000000008a400000| Untracked 
|  89|0x000000008a500000, 0x000000008a500000, 0x000000008a600000|  0%| F|  |TAMS 0x000000008a500000| PB 0x000000008a500000| Untracked 
|  90|0x000000008a600000, 0x000000008a600000, 0x000000008a700000|  0%| F|  |TAMS 0x000000008a600000| PB 0x000000008a600000| Untracked 
|  91|0x000000008a700000, 0x000000008a700000, 0x000000008a800000|  0%| F|  |TAMS 0x000000008a700000| PB 0x000000008a700000| Untracked 
|  92|0x000000008a800000, 0x000000008a800000, 0x000000008a900000|  0%| F|  |TAMS 0x000000008a800000| PB 0x000000008a800000| Untracked 
|  93|0x000000008a900000, 0x000000008a900000, 0x000000008aa00000|  0%| F|  |TAMS 0x000000008a900000| PB 0x000000008a900000| Untracked 
|  94|0x000000008aa00000, 0x000000008aa00000, 0x000000008ab00000|  0%| F|  |TAMS 0x000000008aa00000| PB 0x000000008aa00000| Untracked 
|  95|0x000000008ab00000, 0x000000008ab00000, 0x000000008ac00000|  0%| F|  |TAMS 0x000000008ab00000| PB 0x000000008ab00000| Untracked 
| 123|0x000000008c700000, 0x000000008c700000, 0x000000008c800000|  0%| F|  |TAMS 0x000000008c700000| PB 0x000000008c700000| Untracked 
|1970|0x00000000ffe00000, 0x00000000ffe00000, 0x00000000fff00000|  0%| F|  |TAMS 0x00000000ffe00000| PB 0x00000000ffe00000| Untracked 
|1971|0x00000000fff00000, 0x00000000fff00000, 0x0000000100000000|  0%| F|  |TAMS 0x00000000fff00000| PB 0x00000000fff00000| Untracked 

Card table byte_map: [0x000002995d420000,0x000002995d800000] _byte_map_base: 0x000002995cffa000

Marking Bits: (CMBitMap*) 0x000002994a58f200
 Bits: [0x000002995d800000, 0x000002995f6d0000)

Polling page: 0x00000299484b0000

Metaspace:

Usage:
  Non-class:     37.36 MB used.
      Class:      4.42 MB used.
       Both:     41.78 MB used.

Virtual space:
  Non-class space:       64.00 MB reserved,      37.62 MB ( 59%) committed,  1 nodes.
      Class space:        1.00 GB reserved,       4.62 MB ( <1%) committed,  1 nodes.
             Both:        1.06 GB reserved,      42.25 MB (  4%) committed. 

Chunk freelists:
   Non-Class:  10.20 MB
       Class:  11.39 MB
        Both:  21.59 MB

MaxMetaspaceSize: unlimited
CompressedClassSpaceSize: 1.00 GB
Initial GC threshold: 21.00 MB
Current GC threshold: 70.12 MB
CDS: off
 - commit_granule_bytes: 65536.
 - commit_granule_words: 8192.
 - virtual_space_node_default_size: 8388608.
 - enlarge_chunks_in_place: 1.
 - use_allocation_guard: 0.


Internal statistics:

num_allocs_failed_limit: 9.
num_arena_births: 414.
num_arena_deaths: 0.
num_vsnodes_births: 2.
num_vsnodes_deaths: 0.
num_space_committed: 676.
num_space_uncommitted: 0.
num_chunks_returned_to_freelist: 9.
num_chunks_taken_from_freelist: 1593.
num_chunk_merges: 9.
num_chunk_splits: 1098.
num_chunks_enlarged: 843.
num_inconsistent_stats: 0.

CodeHeap 'non-profiled nmethods': size=120000Kb used=3829Kb max_used=3967Kb free=116170Kb
 bounds [0x0000029955b10000, 0x0000029955f10000, 0x000002995d040000]
CodeHeap 'profiled nmethods': size=120000Kb used=14071Kb max_used=15054Kb free=105928Kb
 bounds [0x000002994e040000, 0x000002994ef30000, 0x0000029955570000]
CodeHeap 'non-nmethods': size=5760Kb used=1634Kb max_used=1692Kb free=4125Kb
 bounds [0x0000029955570000, 0x00000299557e0000, 0x0000029955b10000]
 total_blobs=7076 nmethods=6516 adapters=464
 compilation: enabled
              stopped_count=0, restarted_count=0
 full_count=0

Compilation events (20 events):
Event: 9.250 Thread 0x0000029961c70f50 7319   !   3       sun.nio.fs.WindowsNativeDispatcher::GetFileSecurity (60 bytes)
Event: 9.250 Thread 0x0000029961c70f50 nmethod 7319 0x000002994e3acf90 code [0x000002994e3ad1a0, 0x000002994e3ad670]
Event: 9.250 Thread 0x0000029961c70f50 7321   !   3       sun.nio.fs.WindowsLinkSupport::getFinalPath (175 bytes)
Event: 9.251 Thread 0x0000029961c70f50 nmethod 7321 0x000002994e0f9e90 code [0x000002994e0fa220, 0x000002994e0fb678]
Event: 9.252 Thread 0x0000029961c70f50 7322       1       sun.nio.fs.WindowsNativeDispatcher$VolumeInformation::volumeName (5 bytes)
Event: 9.252 Thread 0x0000029961c70f50 nmethod 7322 0x0000029955cf3690 code [0x0000029955cf3820, 0x0000029955cf38e8]
Event: 9.252 Thread 0x0000029961c70f50 7323       1       sun.nio.fs.WindowsNativeDispatcher$VolumeInformation::flags (5 bytes)
Event: 9.252 Thread 0x0000029961c70f50 nmethod 7323 0x0000029955cf3290 code [0x0000029955cf3420, 0x0000029955cf34e8]
Event: 9.261 Thread 0x0000029961c70f50 7324       3       java.time.LocalDateTime::compareTo (9 bytes)
Event: 9.261 Thread 0x0000029961c70f50 nmethod 7324 0x000002994e525e90 code [0x000002994e5260a0, 0x000002994e5266c0]
Event: 9.261 Thread 0x0000029961c70f50 7326       3       java.util.Arrays::binarySearch0 (83 bytes)
Event: 9.261 Thread 0x0000029961c70f50 nmethod 7326 0x000002994e231e90 code [0x000002994e232060, 0x000002994e2324e0]
Event: 9.261 Thread 0x0000029961c70f50 7325       3       java.time.LocalDate::compareTo0 (40 bytes)
Event: 9.261 Thread 0x0000029961c70f50 nmethod 7325 0x000002994e131f10 code [0x000002994e1320c0, 0x000002994e132258]
Event: 9.266 Thread 0x0000029961c70f50 7327       3       java.time.zone.ZoneRules::getOffsetInfo (278 bytes)
Event: 9.268 Thread 0x0000029961c70f50 nmethod 7327 0x000002994e341910 code [0x000002994e341c40, 0x000002994e342ce0]
Event: 9.279 Thread 0x0000029961c6c730 7328       4       java.time.LocalDateTime::compareTo (9 bytes)
Event: 9.279 Thread 0x000002996ba82030 7329       4       java.time.LocalDate::compareTo0 (40 bytes)
Event: 9.280 Thread 0x000002996ba82030 nmethod 7329 0x0000029955d1af10 code [0x0000029955d1b0a0, 0x0000029955d1b180]
Event: 9.281 Thread 0x0000029961c6c730 nmethod 7328 0x0000029955bda010 code [0x0000029955bda1a0, 0x0000029955bda310]

GC Heap History (20 events):
Event: 3.783 GC heap after
{Heap after GC invocations=8 (full 0):
 garbage-first heap   total 77824K, used 15031K [0x0000000084c00000, 0x0000000100000000)
  region size 1024K, 6 young (6144K), 6 survivors (6144K)
 Metaspace       used 28125K, committed 28352K, reserved 1114112K
  class space    used 2915K, committed 3008K, reserved 1048576K
}
Event: 4.954 GC heap before
{Heap before GC invocations=8 (full 0):
 garbage-first heap   total 77824K, used 54967K [0x0000000084c00000, 0x0000000100000000)
  region size 1024K, 45 young (46080K), 6 survivors (6144K)
 Metaspace       used 29683K, committed 29952K, reserved 1114112K
  class space    used 3055K, committed 3200K, reserved 1048576K
}
Event: 4.965 GC heap after
{Heap after GC invocations=9 (full 0):
 garbage-first heap   total 77824K, used 17361K [0x0000000084c00000, 0x0000000100000000)
  region size 1024K, 3 young (3072K), 3 survivors (3072K)
 Metaspace       used 29683K, committed 29952K, reserved 1114112K
  class space    used 3055K, committed 3200K, reserved 1048576K
}
Event: 5.750 GC heap before
{Heap before GC invocations=9 (full 0):
 garbage-first heap   total 77824K, used 65489K [0x0000000084c00000, 0x0000000100000000)
  region size 1024K, 45 young (46080K), 3 survivors (3072K)
 Metaspace       used 35706K, committed 36032K, reserved 1114112K
  class space    used 3793K, committed 3968K, reserved 1048576K
}
Event: 5.763 GC heap after
{Heap after GC invocations=10 (full 0):
 garbage-first heap   total 77824K, used 25999K [0x0000000084c00000, 0x0000000100000000)
  region size 1024K, 6 young (6144K), 6 survivors (6144K)
 Metaspace       used 35706K, committed 36032K, reserved 1114112K
  class space    used 3793K, committed 3968K, reserved 1048576K
}
Event: 5.776 GC heap before
{Heap before GC invocations=10 (full 0):
 garbage-first heap   total 77824K, used 25999K [0x0000000084c00000, 0x0000000100000000)
  region size 1024K, 7 young (7168K), 6 survivors (6144K)
 Metaspace       used 35892K, committed 36160K, reserved 1114112K
  class space    used 3807K, committed 3968K, reserved 1048576K
}
Event: 5.785 GC heap after
{Heap after GC invocations=11 (full 0):
 garbage-first heap   total 77824K, used 27377K [0x0000000084c00000, 0x0000000100000000)
  region size 1024K, 1 young (1024K), 1 survivors (1024K)
 Metaspace       used 35892K, committed 36160K, reserved 1114112K
  class space    used 3807K, committed 3968K, reserved 1048576K
}
Event: 6.439 GC heap before
{Heap before GC invocations=12 (full 0):
 garbage-first heap   total 77824K, used 66289K [0x0000000084c00000, 0x0000000100000000)
  region size 1024K, 38 young (38912K), 1 survivors (1024K)
 Metaspace       used 38246K, committed 38592K, reserved 1114112K
  class space    used 4043K, committed 4160K, reserved 1048576K
}
Event: 6.449 GC heap after
{Heap after GC invocations=13 (full 0):
 garbage-first heap   total 79872K, used 40429K [0x0000000084c00000, 0x0000000100000000)
  region size 1024K, 5 young (5120K), 5 survivors (5120K)
 Metaspace       used 38246K, committed 38592K, reserved 1114112K
  class space    used 4043K, committed 4160K, reserved 1048576K
}
Event: 7.183 GC heap before
{Heap before GC invocations=13 (full 0):
 garbage-first heap   total 79872K, used 63981K [0x0000000084c00000, 0x0000000100000000)
  region size 1024K, 29 young (29696K), 5 survivors (5120K)
 Metaspace       used 39738K, committed 40128K, reserved 1114112K
  class space    used 4207K, committed 4352K, reserved 1048576K
}
Event: 7.193 GC heap after
{Heap after GC invocations=14 (full 0):
 garbage-first heap   total 96256K, used 42873K [0x0000000084c00000, 0x0000000100000000)
  region size 1024K, 3 young (3072K), 3 survivors (3072K)
 Metaspace       used 39738K, committed 40128K, reserved 1114112K
  class space    used 4207K, committed 4352K, reserved 1048576K
}
Event: 8.023 GC heap before
{Heap before GC invocations=14 (full 0):
 garbage-first heap   total 96256K, used 77689K [0x0000000084c00000, 0x0000000100000000)
  region size 1024K, 37 young (37888K), 3 survivors (3072K)
 Metaspace       used 42179K, committed 42624K, reserved 1114112K
  class space    used 4487K, committed 4736K, reserved 1048576K
}
Event: 8.039 GC heap after
{Heap after GC invocations=15 (full 0):
 garbage-first heap   total 96256K, used 43648K [0x0000000084c00000, 0x0000000100000000)
  region size 1024K, 3 young (3072K), 3 survivors (3072K)
 Metaspace       used 42179K, committed 42624K, reserved 1114112K
  class space    used 4487K, committed 4736K, reserved 1048576K
}
Event: 8.650 GC heap before
{Heap before GC invocations=15 (full 0):
 garbage-first heap   total 96256K, used 57984K [0x0000000084c00000, 0x0000000100000000)
  region size 1024K, 16 young (16384K), 3 survivors (3072K)
 Metaspace       used 42644K, committed 43072K, reserved 1114112K
  class space    used 4528K, committed 4736K, reserved 1048576K
}
Event: 8.661 GC heap after
{Heap after GC invocations=16 (full 0):
 garbage-first heap   total 96256K, used 43859K [0x0000000084c00000, 0x0000000100000000)
  region size 1024K, 2 young (2048K), 2 survivors (2048K)
 Metaspace       used 42644K, committed 43072K, reserved 1114112K
  class space    used 4528K, committed 4736K, reserved 1048576K
}
Event: 8.710 GC heap before
{Heap before GC invocations=16 (full 0):
 garbage-first heap   total 96256K, used 52051K [0x0000000084c00000, 0x0000000100000000)
  region size 1024K, 9 young (9216K), 2 survivors (2048K)
 Metaspace       used 42649K, committed 43072K, reserved 1114112K
  class space    used 4528K, committed 4736K, reserved 1048576K
}
Event: 8.720 GC heap after
{Heap after GC invocations=17 (full 0):
 garbage-first heap   total 96256K, used 50582K [0x0000000084c00000, 0x0000000100000000)
  region size 1024K, 5 young (5120K), 5 survivors (5120K)
 Metaspace       used 42649K, committed 43072K, reserved 1114112K
  class space    used 4528K, committed 4736K, reserved 1048576K
}
Event: 9.000 GC heap before
{Heap before GC invocations=18 (full 0):
 garbage-first heap   total 96256K, used 72086K [0x0000000084c00000, 0x0000000100000000)
  region size 1024K, 24 young (24576K), 5 survivors (5120K)
 Metaspace       used 42770K, committed 43200K, reserved 1114112K
  class space    used 4530K, committed 4736K, reserved 1048576K
}
Event: 9.021 GC heap after
{Heap after GC invocations=19 (full 0):
 garbage-first heap   total 96256K, used 60928K [0x0000000084c00000, 0x0000000100000000)
  region size 1024K, 3 young (3072K), 3 survivors (3072K)
 Metaspace       used 42770K, committed 43200K, reserved 1114112K
  class space    used 4530K, committed 4736K, reserved 1048576K
}
Event: 9.282 GC heap before
{Heap before GC invocations=19 (full 0):
 garbage-first heap   total 96256K, used 75264K [0x0000000084c00000, 0x0000000100000000)
  region size 1024K, 18 young (18432K), 3 survivors (3072K)
 Metaspace       used 42782K, committed 43264K, reserved 1114112K
  class space    used 4530K, committed 4736K, reserved 1048576K
}

Dll operation events (9 events):
Event: 0.011 Loaded shared library C:\Users\bianc\OneDrive\햞ea de Trabalho\sts-4.24.0.RELEASE\plugins\org.eclipse.justj.openjdk.hotspot.jre.full.win32.x86_64_21.0.3.v20240426-1530\jre\bin\java.dll
Event: 0.019 Loaded shared library C:\Users\bianc\OneDrive\햞ea de Trabalho\sts-4.24.0.RELEASE\plugins\org.eclipse.justj.openjdk.hotspot.jre.full.win32.x86_64_21.0.3.v20240426-1530\jre\bin\zip.dll
Event: 0.161 Loaded shared library C:\Users\bianc\OneDrive\햞ea de Trabalho\sts-4.24.0.RELEASE\plugins\org.eclipse.justj.openjdk.hotspot.jre.full.win32.x86_64_21.0.3.v20240426-1530\jre\bin\net.dll
Event: 0.165 Loaded shared library C:\Users\bianc\OneDrive\햞ea de Trabalho\sts-4.24.0.RELEASE\plugins\org.eclipse.justj.openjdk.hotspot.jre.full.win32.x86_64_21.0.3.v20240426-1530\jre\bin\nio.dll
Event: 0.176 Loaded shared library C:\Users\bianc\OneDrive\햞ea de Trabalho\sts-4.24.0.RELEASE\plugins\org.eclipse.justj.openjdk.hotspot.jre.full.win32.x86_64_21.0.3.v20240426-1530\jre\bin\zip.dll
Event: 0.373 Loaded shared library C:\Users\bianc\OneDrive\햞ea de Trabalho\sts-4.24.0.RELEASE\plugins\org.eclipse.justj.openjdk.hotspot.jre.full.win32.x86_64_21.0.3.v20240426-1530\jre\bin\jimage.dll
Event: 0.502 Loaded shared library C:\Users\bianc\AppData\Local\Temp\jansi-2.4.1-68922bdac5258d20-jansi.dll
Event: 1.960 Loaded shared library C:\Users\bianc\OneDrive\햞ea de Trabalho\sts-4.24.0.RELEASE\plugins\org.eclipse.justj.openjdk.hotspot.jre.full.win32.x86_64_21.0.3.v20240426-1530\jre\bin\verify.dll
Event: 2.239 Loaded shared library C:\Users\bianc\OneDrive\햞ea de Trabalho\sts-4.24.0.RELEASE\plugins\org.eclipse.justj.openjdk.hotspot.jre.full.win32.x86_64_21.0.3.v20240426-1530\jre\bin\extnet.dll

Deoptimization events (20 events):
Event: 9.166 Thread 0x00000299482ace20 Uncommon trap: trap_request=0xffffff45 fr.pc=0x0000029955ddf6e8 relative=0x00000000000000c8
Event: 9.166 Thread 0x00000299482ace20 Uncommon trap: reason=unstable_if action=reinterpret pc=0x0000029955ddf6e8 method=java.time.LocalDate.create(III)Ljava/time/LocalDate; @ 7 c2
Event: 9.166 Thread 0x00000299482ace20 DEOPT PACKING pc=0x0000029955ddf6e8 sp=0x000000f92e7fce70
Event: 9.166 Thread 0x00000299482ace20 DEOPT UNPACKING pc=0x00000299555c7da2 sp=0x000000f92e7fcdf0 mode 2
Event: 9.260 Thread 0x00000299482ace20 Uncommon trap: trap_request=0xffffff45 fr.pc=0x0000029955cd90fc relative=0x00000000000001bc
Event: 9.260 Thread 0x00000299482ace20 Uncommon trap: reason=unstable_if action=reinterpret pc=0x0000029955cd90fc method=java.time.LocalDate.compareTo0(Ljava/time/LocalDate;)I @ 11 c2
Event: 9.260 Thread 0x00000299482ace20 DEOPT PACKING pc=0x0000029955cd90fc sp=0x000000f92e7fcd60
Event: 9.260 Thread 0x00000299482ace20 DEOPT UNPACKING pc=0x00000299555c7da2 sp=0x000000f92e7fca38 mode 2
Event: 9.260 Thread 0x00000299482ace20 Uncommon trap: trap_request=0xffffff45 fr.pc=0x0000029955dbfcb4 relative=0x0000000000000094
Event: 9.260 Thread 0x00000299482ace20 Uncommon trap: reason=unstable_if action=reinterpret pc=0x0000029955dbfcb4 method=java.time.LocalDate.compareTo0(Ljava/time/LocalDate;)I @ 11 c2
Event: 9.260 Thread 0x00000299482ace20 DEOPT PACKING pc=0x0000029955dbfcb4 sp=0x000000f92e7fcbd0
Event: 9.260 Thread 0x00000299482ace20 DEOPT UNPACKING pc=0x00000299555c7da2 sp=0x000000f92e7fca38 mode 2
Event: 9.260 Thread 0x00000299482ace20 Uncommon trap: trap_request=0xffffff45 fr.pc=0x0000029955dcf16c relative=0x000000000000012c
Event: 9.260 Thread 0x00000299482ace20 Uncommon trap: reason=unstable_if action=reinterpret pc=0x0000029955dcf16c method=java.time.LocalDate.compareTo0(Ljava/time/LocalDate;)I @ 11 c2
Event: 9.260 Thread 0x00000299482ace20 DEOPT PACKING pc=0x0000029955dcf16c sp=0x000000f92e7fcdc0
Event: 9.260 Thread 0x00000299482ace20 DEOPT UNPACKING pc=0x00000299555c7da2 sp=0x000000f92e7fcb98 mode 2
Event: 9.260 Thread 0x00000299482ace20 Uncommon trap: trap_request=0xffffff45 fr.pc=0x0000029955dc0098 relative=0x0000000000000078
Event: 9.260 Thread 0x00000299482ace20 Uncommon trap: reason=unstable_if action=reinterpret pc=0x0000029955dc0098 method=java.time.LocalDate.compareTo0(Ljava/time/LocalDate;)I @ 11 c2
Event: 9.260 Thread 0x00000299482ace20 DEOPT PACKING pc=0x0000029955dc0098 sp=0x000000f92e7fcc60
Event: 9.260 Thread 0x00000299482ace20 DEOPT UNPACKING pc=0x00000299555c7da2 sp=0x000000f92e7fcbe8 mode 2

Classes loaded (20 events):
Event: 7.499 Loading class java/util/regex/Pattern$LazyLoop
Event: 7.499 Loading class java/util/regex/Pattern$LazyLoop done
Event: 7.985 Loading class java/util/EnumMap$EntrySet
Event: 7.986 Loading class java/util/EnumMap$EntrySet done
Event: 7.986 Loading class java/util/EnumMap$EntryIterator
Event: 7.986 Loading class java/util/EnumMap$EnumMapIterator
Event: 7.986 Loading class java/util/EnumMap$EnumMapIterator done
Event: 7.986 Loading class java/util/EnumMap$EntryIterator done
Event: 7.986 Loading class java/util/EnumMap$EntryIterator$Entry
Event: 7.986 Loading class java/util/EnumMap$EntryIterator$Entry done
Event: 8.128 Loading class java/util/function/ToIntBiFunction
Event: 8.128 Loading class java/util/function/ToIntBiFunction done
Event: 8.233 Loading class java/io/DataOutputStream
Event: 8.234 Loading class java/io/DataOutputStream done
Event: 8.277 Loading class java/util/EnumMap$Values
Event: 8.277 Loading class java/util/EnumMap$Values done
Event: 8.277 Loading class java/util/EnumMap$ValueIterator
Event: 8.277 Loading class java/util/EnumMap$ValueIterator done
Event: 8.279 Loading class java/util/WeakHashMap$KeyIterator
Event: 8.279 Loading class java/util/WeakHashMap$KeyIterator done

Classes unloaded (0 events):
No events

Classes redefined (0 events):
No events

Internal exceptions (20 events):
Event: 8.257 Thread 0x00000299482ace20 Exception <a 'sun/nio/fs/WindowsException'{0x000000008a94eef8}> (0x000000008a94eef8) 
thrown [s\src\hotspot\share\prims\jni.cpp, line 520]
Event: 8.257 Thread 0x00000299482ace20 Exception <a 'sun/nio/fs/WindowsException'{0x000000008a94f5c8}> (0x000000008a94f5c8) 
thrown [s\src\hotspot\share\prims\jni.cpp, line 520]
Event: 8.257 Thread 0x00000299482ace20 Exception <a 'sun/nio/fs/WindowsException'{0x000000008a94fe50}> (0x000000008a94fe50) 
thrown [s\src\hotspot\share\prims\jni.cpp, line 520]
Event: 8.257 Thread 0x00000299482ace20 Exception <a 'sun/nio/fs/WindowsException'{0x000000008a9505b8}> (0x000000008a9505b8) 
thrown [s\src\hotspot\share\prims\jni.cpp, line 520]
Event: 8.262 Thread 0x00000299482ace20 Exception <a 'sun/nio/fs/WindowsException'{0x000000008a968058}> (0x000000008a968058) 
thrown [s\src\hotspot\share\prims\jni.cpp, line 520]
Event: 8.262 Thread 0x00000299482ace20 Exception <a 'sun/nio/fs/WindowsException'{0x000000008a973da0}> (0x000000008a973da0) 
thrown [s\src\hotspot\share\prims\jni.cpp, line 520]
Event: 8.262 Thread 0x00000299482ace20 Exception <a 'sun/nio/fs/WindowsException'{0x000000008a993f38}> (0x000000008a993f38) 
thrown [s\src\hotspot\share\prims\jni.cpp, line 520]
Event: 8.263 Thread 0x00000299482ace20 Exception <a 'sun/nio/fs/WindowsException'{0x000000008a994c98}> (0x000000008a994c98) 
thrown [s\src\hotspot\share\prims\jni.cpp, line 520]
Event: 8.274 Thread 0x00000299482ace20 Exception <a 'sun/nio/fs/WindowsException'{0x000000008a310178}> (0x000000008a310178) 
thrown [s\src\hotspot\share\prims\jni.cpp, line 520]
Event: 8.274 Thread 0x00000299482ace20 Exception <a 'sun/nio/fs/WindowsException'{0x000000008a310860}> (0x000000008a310860) 
thrown [s\src\hotspot\share\prims\jni.cpp, line 520]
Event: 8.274 Thread 0x00000299482ace20 Exception <a 'sun/nio/fs/WindowsException'{0x000000008a311190}> (0x000000008a311190) 
thrown [s\src\hotspot\share\prims\jni.cpp, line 520]
Event: 8.274 Thread 0x00000299482ace20 Exception <a 'sun/nio/fs/WindowsException'{0x000000008a311908}> (0x000000008a311908) 
thrown [s\src\hotspot\share\prims\jni.cpp, line 520]
Event: 8.351 Thread 0x00000299482ace20 Exception <a 'sun/nio/fs/WindowsException'{0x000000008a2cba70}> (0x000000008a2cba70) 
thrown [s\src\hotspot\share\prims\jni.cpp, line 520]
Event: 8.352 Thread 0x00000299482ace20 Exception <a 'sun/nio/fs/WindowsException'{0x000000008a2cc120}> (0x000000008a2cc120) 
thrown [s\src\hotspot\share\prims\jni.cpp, line 520]
Event: 8.357 Thread 0x00000299482ace20 Exception <a 'sun/nio/fs/WindowsException'{0x000000008a2ddc58}> (0x000000008a2ddc58) 
thrown [s\src\hotspot\share\prims\jni.cpp, line 520]
Event: 8.679 Thread 0x00000299482ace20 Exception <a 'sun/nio/fs/WindowsException'{0x000000008a37ceb0}> (0x000000008a37ceb0) 
thrown [s\src\hotspot\share\prims\jni.cpp, line 520]
Event: 8.693 Thread 0x00000299482ace20 Exception <a 'sun/nio/fs/WindowsException'{0x000000008a212948}> (0x000000008a212948) 
thrown [s\src\hotspot\share\prims\jni.cpp, line 520]
Event: 8.808 Thread 0x00000299482ace20 Exception <a 'sun/nio/fs/WindowsException'{0x000000008a332af0}> (0x000000008a332af0) 
thrown [s\src\hotspot\share\prims\jni.cpp, line 520]
Event: 8.809 Thread 0x00000299482ace20 Exception <a 'sun/nio/fs/WindowsException'{0x000000008a333710}> (0x000000008a333710) 
thrown [s\src\hotspot\share\prims\jni.cpp, line 520]
Event: 8.809 Thread 0x00000299482ace20 Exception <a 'sun/nio/fs/WindowsException'{0x000000008a3343c8}> (0x000000008a3343c8) 
thrown [s\src\hotspot\share\prims\jni.cpp, line 520]

ZGC Phase Switch (0 events):
No events

VM Operations (20 events):
Event: 8.103 Executing VM operation: HandshakeAllThreads (Deoptimize) done
Event: 8.104 Executing VM operation: HandshakeAllThreads (Deoptimize)
Event: 8.104 Executing VM operation: HandshakeAllThreads (Deoptimize) done
Event: 8.124 Executing VM operation: HandshakeAllThreads (Deoptimize)
Event: 8.124 Executing VM operation: HandshakeAllThreads (Deoptimize) done
Event: 8.160 Executing VM operation: ICBufferFull
Event: 8.160 Executing VM operation: ICBufferFull done
Event: 8.265 Executing VM operation: ICBufferFull
Event: 8.265 Executing VM operation: ICBufferFull done
Event: 8.650 Executing VM operation: G1TryInitiateConcMark (G1 Humongous Allocation)
Event: 8.661 Executing VM operation: G1TryInitiateConcMark (G1 Humongous Allocation) done
Event: 8.710 Executing VM operation: G1TryInitiateConcMark (G1 Humongous Allocation)
Event: 8.720 Executing VM operation: G1TryInitiateConcMark (G1 Humongous Allocation) done
Event: 8.769 Executing VM operation: G1PauseRemark
Event: 8.779 Executing VM operation: G1PauseRemark done
Event: 8.798 Executing VM operation: G1PauseCleanup
Event: 8.799 Executing VM operation: G1PauseCleanup done
Event: 9.000 Executing VM operation: G1CollectForAllocation (G1 Evacuation Pause)
Event: 9.021 Executing VM operation: G1CollectForAllocation (G1 Evacuation Pause) done
Event: 9.282 Executing VM operation: G1CollectForAllocation (G1 Evacuation Pause)

Events (20 events):
Event: 8.779 Thread 0x0000029961bd6230 flushing nmethod 0x0000029955ba3910
Event: 8.779 Thread 0x0000029961bd6230 flushing nmethod 0x0000029955b9c790
Event: 8.779 Thread 0x0000029961bd6230 flushing nmethod 0x0000029955b9c110
Event: 8.779 Thread 0x0000029961bd6230 flushing nmethod 0x0000029955b97590
Event: 8.779 Thread 0x0000029961bd6230 flushing nmethod 0x0000029955b96b90
Event: 8.779 Thread 0x0000029961bd6230 flushing nmethod 0x0000029955b96810
Event: 8.779 Thread 0x0000029961bd6230 flushing nmethod 0x0000029955b7c090
Event: 8.779 Thread 0x0000029961bd6230 flushing nmethod 0x0000029955b71c90
Event: 8.779 Thread 0x0000029961bd6230 flushing nmethod 0x0000029955b6eb90
Event: 8.779 Thread 0x0000029961bd6230 flushing nmethod 0x0000029955b66710
Event: 8.779 Thread 0x0000029961bd6230 flushing nmethod 0x0000029955b65c90
Event: 8.779 Thread 0x0000029961bd6230 flushing nmethod 0x0000029955b57590
Event: 8.779 Thread 0x0000029961bd6230 flushing nmethod 0x0000029955b5b990
Event: 8.779 Thread 0x0000029961bd6230 flushing nmethod 0x0000029955b5b590
Event: 8.779 Thread 0x0000029961bd6230 flushing nmethod 0x0000029955b4f010
Event: 8.779 Thread 0x0000029961bd6230 flushing nmethod 0x0000029955b44790
Event: 8.779 Thread 0x0000029961bd6230 flushing nmethod 0x0000029955b42b10
Event: 8.779 Thread 0x0000029961bd6230 flushing nmethod 0x0000029955b3ac90
Event: 8.779 Thread 0x0000029961bd6230 flushing nmethod 0x0000029955b16690
Event: 8.779 Thread 0x0000029961bd6230 flushing nmethod 0x0000029955b15c10


Dynamic libraries:
0x00007ff79da70000 - 0x00007ff79da7e000 	C:\Users\bianc\OneDrive\햞ea de Trabalho\sts-4.24.0.RELEASE\plugins\org.eclipse.justj.openjdk.hotspot.jre.full.win32.x86_64_21.0.3.v20240426-1530\jre\bin\javaw.exe
0x00007ff9308f0000 - 0x00007ff930b07000 	C:\Windows\SYSTEM32\ntdll.dll
0x00007ff92f8e0000 - 0x00007ff92f9a4000 	C:\Windows\System32\KERNEL32.DLL
0x00007ff92e1e0000 - 0x00007ff92e5b1000 	C:\Windows\System32\KERNELBASE.dll
0x00007ff92db70000 - 0x00007ff92dc81000 	C:\Windows\System32\ucrtbase.dll
0x00007ff91f330000 - 0x00007ff91f348000 	C:\Users\bianc\OneDrive\햞ea de Trabalho\sts-4.24.0.RELEASE\plugins\org.eclipse.justj.openjdk.hotspot.jre.full.win32.x86_64_21.0.3.v20240426-1530\jre\bin\jli.dll
0x00007ff92f670000 - 0x00007ff92f821000 	C:\Windows\System32\USER32.dll
0x00007ff92df70000 - 0x00007ff92df96000 	C:\Windows\System32\win32u.dll
0x00007ff92ef10000 - 0x00007ff92ef39000 	C:\Windows\System32\GDI32.dll
0x00007ff92dfa0000 - 0x00007ff92e0bb000 	C:\Windows\System32\gdi32full.dll
0x00007ff92e140000 - 0x00007ff92e1da000 	C:\Windows\System32\msvcp_win.dll
0x00007ff90ac40000 - 0x00007ff90ac5b000 	C:\Users\bianc\OneDrive\햞ea de Trabalho\sts-4.24.0.RELEASE\plugins\org.eclipse.justj.openjdk.hotspot.jre.full.win32.x86_64_21.0.3.v20240426-1530\jre\bin\VCRUNTIME140.dll
0x00007ff914900000 - 0x00007ff914b92000 	C:\Windows\WinSxS\amd64_microsoft.windows.common-controls_6595b64144ccf1df_6.0.22621.4830_none_270fe7d773858e80\COMCTL32.dll
0x00007ff92f830000 - 0x00007ff92f8d7000 	C:\Windows\System32\msvcrt.dll
0x00007ff92e5c0000 - 0x00007ff92e5f1000 	C:\Windows\System32\IMM32.DLL
0x00007ff91f360000 - 0x00007ff91f36c000 	C:\Users\bianc\OneDrive\햞ea de Trabalho\sts-4.24.0.RELEASE\plugins\org.eclipse.justj.openjdk.hotspot.jre.full.win32.x86_64_21.0.3.v20240426-1530\jre\bin\vcruntime140_1.dll
0x00007ff8f08c0000 - 0x00007ff8f094e000 	C:\Users\bianc\OneDrive\햞ea de Trabalho\sts-4.24.0.RELEASE\plugins\org.eclipse.justj.openjdk.hotspot.jre.full.win32.x86_64_21.0.3.v20240426-1530\jre\bin\msvcp140.dll
0x00007ff893610000 - 0x00007ff894392000 	C:\Users\bianc\OneDrive\햞ea de Trabalho\sts-4.24.0.RELEASE\plugins\org.eclipse.justj.openjdk.hotspot.jre.full.win32.x86_64_21.0.3.v20240426-1530\jre\bin\server\jvm.dll
0x00007ff92f090000 - 0x00007ff92f141000 	C:\Windows\System32\ADVAPI32.dll
0x00007ff92efe0000 - 0x00007ff92f087000 	C:\Windows\System32\sechost.dll
0x00007ff92dec0000 - 0x00007ff92dee8000 	C:\Windows\System32\bcrypt.dll
0x00007ff92e600000 - 0x00007ff92e714000 	C:\Windows\System32\RPCRT4.dll
0x00007ff92ef40000 - 0x00007ff92efb1000 	C:\Windows\System32\WS2_32.dll
0x00007ff92d360000 - 0x00007ff92d3ad000 	C:\Windows\SYSTEM32\POWRPROF.dll
0x00007ff925050000 - 0x00007ff925084000 	C:\Windows\SYSTEM32\WINMM.dll
0x00007ff924de0000 - 0x00007ff924dea000 	C:\Windows\SYSTEM32\VERSION.dll
0x00007ff92d2e0000 - 0x00007ff92d2f3000 	C:\Windows\SYSTEM32\UMPDC.dll
0x00007ff92ca50000 - 0x00007ff92ca68000 	C:\Windows\SYSTEM32\kernel.appcore.dll
0x00007ff9232b0000 - 0x00007ff9232ba000 	C:\Users\bianc\OneDrive\햞ea de Trabalho\sts-4.24.0.RELEASE\plugins\org.eclipse.justj.openjdk.hotspot.jre.full.win32.x86_64_21.0.3.v20240426-1530\jre\bin\jimage.dll
0x00007ff92b620000 - 0x00007ff92b852000 	C:\Windows\SYSTEM32\DBGHELP.DLL
0x00007ff92f150000 - 0x00007ff92f4e0000 	C:\Windows\System32\combase.dll
0x00007ff92f590000 - 0x00007ff92f667000 	C:\Windows\System32\OLEAUT32.dll
0x00007ff923170000 - 0x00007ff9231a2000 	C:\Windows\SYSTEM32\dbgcore.DLL
0x00007ff92e0c0000 - 0x00007ff92e13b000 	C:\Windows\System32\bcryptPrimitives.dll
0x00007ff91d5d0000 - 0x00007ff91d5ef000 	C:\Users\bianc\OneDrive\햞ea de Trabalho\sts-4.24.0.RELEASE\plugins\org.eclipse.justj.openjdk.hotspot.jre.full.win32.x86_64_21.0.3.v20240426-1530\jre\bin\java.dll
0x00007ff91d530000 - 0x00007ff91d548000 	C:\Users\bianc\OneDrive\햞ea de Trabalho\sts-4.24.0.RELEASE\plugins\org.eclipse.justj.openjdk.hotspot.jre.full.win32.x86_64_21.0.3.v20240426-1530\jre\bin\zip.dll
0x00007ff92fea0000 - 0x00007ff930728000 	C:\Windows\System32\SHELL32.dll
0x00007ff92da30000 - 0x00007ff92db6f000 	C:\Windows\System32\wintypes.dll
0x00007ff92b940000 - 0x00007ff92c24d000 	C:\Windows\SYSTEM32\windows.storage.dll
0x00007ff930730000 - 0x00007ff93083a000 	C:\Windows\System32\SHCORE.dll
0x00007ff930850000 - 0x00007ff9308ae000 	C:\Windows\System32\shlwapi.dll
0x00007ff92d960000 - 0x00007ff92d98b000 	C:\Windows\SYSTEM32\profapi.dll
0x00007ff91df00000 - 0x00007ff91df10000 	C:\Users\bianc\OneDrive\햞ea de Trabalho\sts-4.24.0.RELEASE\plugins\org.eclipse.justj.openjdk.hotspot.jre.full.win32.x86_64_21.0.3.v20240426-1530\jre\bin\net.dll
0x00007ff925d50000 - 0x00007ff925e7c000 	C:\Windows\SYSTEM32\WINHTTP.dll
0x00007ff92ced0000 - 0x00007ff92cf3a000 	C:\Windows\system32\mswsock.dll
0x00007ff91d510000 - 0x00007ff91d526000 	C:\Users\bianc\OneDrive\햞ea de Trabalho\sts-4.24.0.RELEASE\plugins\org.eclipse.justj.openjdk.hotspot.jre.full.win32.x86_64_21.0.3.v20240426-1530\jre\bin\nio.dll
0x00007ff906f40000 - 0x00007ff906f64000 	C:\Users\bianc\AppData\Local\Temp\jansi-2.4.1-68922bdac5258d20-jansi.dll
0x00007ff91d4b0000 - 0x00007ff91d4c0000 	C:\Users\bianc\OneDrive\햞ea de Trabalho\sts-4.24.0.RELEASE\plugins\org.eclipse.justj.openjdk.hotspot.jre.full.win32.x86_64_21.0.3.v20240426-1530\jre\bin\verify.dll
0x00007ff92c4b0000 - 0x00007ff92c4dd000 	C:\Windows\SYSTEM32\IPHLPAPI.DLL
0x00007ff92e990000 - 0x00007ff92e999000 	C:\Windows\System32\NSI.dll
0x00007ff91f2e0000 - 0x00007ff91f2e9000 	C:\Users\bianc\OneDrive\햞ea de Trabalho\sts-4.24.0.RELEASE\plugins\org.eclipse.justj.openjdk.hotspot.jre.full.win32.x86_64_21.0.3.v20240426-1530\jre\bin\extnet.dll

dbghelp: loaded successfully - version: 4.0.5 - missing functions: none
symbol engine: initialized successfully - sym options: 0x614 - pdb path: .;C:\Users\bianc\OneDrive\햞ea de Trabalho\sts-4.24.0.RELEASE\plugins\org.eclipse.justj.openjdk.hotspot.jre.full.win32.x86_64_21.0.3.v20240426-1530\jre\bin;C:\Windows\SYSTEM32;C:\Windows\WinSxS\amd64_microsoft.windows.common-controls_6595b64144ccf1df_6.0.22621.4830_none_270fe7d773858e80;C:\Users\bianc\OneDrive\햞ea de Trabalho\sts-4.24.0.RELEASE\plugins\org.eclipse.justj.openjdk.hotspot.jre.full.win32.x86_64_21.0.3.v20240426-1530\jre\bin\server;C:\Users\bianc\AppData\Local\Temp

VM Arguments:
jvm_args: -Dmaven.home=EMBEDDED -Dclassworlds.conf=C:\Users\bianc\Documents\workspace-spring-tool-suite-4-4.24.0.RELEASE\.metadata\.plugins\org.eclipse.m2e.launching\launches\m2conf16581382175018276879.tmp -Dmaven.multiModuleProjectDirectory=C:\Users\bianc\OneDrive\Documentos\calculos-prof\calculos_testes\demo -Dm2e.build.project.data.socket.port=53967 -Dfile.encoding=UTF-8 -Dstdout.encoding=UTF-8 -Dstderr.encoding=UTF-8 -XX:+ShowCodeDetailsInExceptionMessages 
java_command: org.codehaus.plexus.classworlds.launcher.Launcher -B -Dstyle.color=always clean package
java_class_path (initial): C:\Users\bianc\OneDrive\햞ea de Trabalho\sts-4.24.0.RELEASE\plugins\org.eclipse.m2e.maven.runtime_3.9.700.20240602-2313\jars\plexus-classworlds-2.8.0.jar
Launcher Type: SUN_STANDARD

[Global flags]
     intx CICompilerCount                          = 3                                         {product} {ergonomic}
     uint ConcGCThreads                            = 1                                         {product} {ergonomic}
     uint G1ConcRefinementThreads                  = 4                                         {product} {ergonomic}
   size_t G1HeapRegionSize                         = 1048576                                   {product} {ergonomic}
    uintx GCDrainStackTargetSize                   = 64                                        {product} {ergonomic}
   size_t InitialHeapSize                          = 130023424                                 {product} {ergonomic}
   size_t MarkStackSize                            = 4194304                                   {product} {ergonomic}
   size_t MaxHeapSize                              = 2067791872                                {product} {ergonomic}
   size_t MaxNewSize                               = 1240465408                                {product} {ergonomic}
   size_t MinHeapDeltaBytes                        = 1048576                                   {product} {ergonomic}
   size_t MinHeapSize                              = 8388608                                   {product} {ergonomic}
    uintx NonNMethodCodeHeapSize                   = 5832780                                {pd product} {ergonomic}
    uintx NonProfiledCodeHeapSize                  = 122912730                              {pd product} {ergonomic}
    uintx ProfiledCodeHeapSize                     = 122912730                              {pd product} {ergonomic}
    uintx ReservedCodeCacheSize                    = 251658240                              {pd product} {ergonomic}
     bool SegmentedCodeCache                       = true                                      {product} {ergonomic}
     bool ShowCodeDetailsInExceptionMessages       = true                                   {manageable} {command line}
   size_t SoftMaxHeapSize                          = 2067791872                             {manageable} {ergonomic}
     bool UseCompressedOops                        = true                           {product lp64_product} {ergonomic}
     bool UseG1GC                                  = true                                      {product} {ergonomic}
     bool UseLargePagesIndividualAllocation        = false                                  {pd product} {ergonomic}

Logging:
Log output configuration:
 #0: stdout all=warning uptime,level,tags foldmultilines=false
 #1: stderr all=off uptime,level,tags foldmultilines=false

Environment Variables:
PATH=C:/Users/bianc/OneDrive/햞ea de Trabalho/sts-4.24.0.RELEASE//plugins/org.eclipse.justj.openjdk.hotspot.jre.full.win32.x86_64_21.0.3.v20240426-1530/jre/bin/server;C:/Users/bianc/OneDrive/햞ea de Trabalho/sts-4.24.0.RELEASE//plugins/org.eclipse.justj.openjdk.hotspot.jre.full.win32.x86_64_21.0.3.v20240426-1530/jre/bin;C:\Program Files\Common Files\Oracle\Java\javapath;C:\Program Files\Python38\Scripts\;C:\Program Files\Python38\;C:\Windows\system32;C:\Windows;C:\Windows\System32\Wbem;C:\Windows\System32\WindowsPowerShell\v1.0\;C:\Windows\System32\OpenSSH\;C:\Program Files\Git\cmd;C:\Program Files\Microsoft SQL Server\Client SDK\ODBC\170\Tools\Binn\;C:\Program Files (x86)\Microsoft SQL Server\150\Tools\Binn\;C:\Program Files\Microsoft SQL Server\150\Tools\Binn\;C:\Program Files\Microsoft SQL Server\150\DTS\Binn\;C:\Program Files\nodejs\;C:\Users\bianc\AppData\Local\Programs\Python\Python312\Scripts\;C:\Users\bianc\AppData\Local\Programs\Python\Python312\;C:\Users\bianc\AppData\Local\Microsoft\WindowsApps;;C:\Users\bianc\AppData\Local\Programs\Microsoft VS Code\bin;C:\Users\bianc\AppData\Roaming\npm;C:\Users\bianc\OneDrive\햞ea de Trabalho\sts-4.24.0.RELEASE;
USERNAME=bianc
OS=Windows_NT
PROCESSOR_IDENTIFIER=Intel64 Family 6 Model 140 Stepping 1, GenuineIntel
TMP=C:\Users\bianc\AppData\Local\Temp
TEMP=C:\Users\bianc\AppData\Local\Temp




Periodic native trim disabled

---------------  S Y S T E M  ---------------

OS:
 Windows 11 , 64 bit Build 22621 (10.0.22621.4974)
OS uptime: 13 days 1:07 hours
Hyper-V role detected

CPU: total 4 (initial active 4) (2 cores per cpu, 2 threads per core) family 6 model 140 stepping 1 microcode 0xa4, cx8, cmov, fxsr, ht, mmx, 3dnowpref, sse, sse2, sse3, ssse3, sse4.1, sse4.2, popcnt, lzcnt, tsc, tscinvbit, avx, avx2, aes, erms, clmul, bmi1, bmi2, adx, avx512f, avx512dq, avx512cd, avx512bw, avx512vl, sha, fma, vzeroupper, avx512_vpopcntdq, avx512_vpclmulqdq, avx512_vaes, avx512_vnni, clflush, clflushopt, clwb, avx512_vbmi2, avx512_vbmi, hv, rdtscp, rdpid, fsrm, gfni, avx512_bitalg, f16c, cet_ibt, cet_ss, avx512_ifma
Processor Information for processor 0
  Max Mhz: 2995, Current Mhz: 998, Mhz Limit: 2995
Processor Information for processor 1
  Max Mhz: 2995, Current Mhz: 998, Mhz Limit: 2995
Processor Information for processor 2
  Max Mhz: 2995, Current Mhz: 998, Mhz Limit: 2995
Processor Information for processor 3
  Max Mhz: 2995, Current Mhz: 2995, Mhz Limit: 2995

Memory: 4k page, system-wide physical 7886M (407M free)
TotalPageFile size 16078M (AvailPageFile size 27M)
current process WorkingSet (physical memory assigned to process): 267M, peak: 275M
current process commit charge ("private bytes"): 294M, peak: 321M

vm_info: OpenJDK 64-Bit Server VM (21.0.3+9-LTS) for windows-amd64 JRE (21.0.3+9-LTS), built on 2024-04-16T00:00:00Z by "admin" with MS VC++ 17.7 (VS2022)

END.
